#
# There is insufficient memory for the Java Runtime Environment to continue.
# Native memory allocation (malloc) failed to allocate 1048576 bytes for AllocateHeap
# Possible reasons:
#   The system is out of physical RAM or swap space
#   The process is running with CompressedOops enabled, and the Java Heap may be blocking the growth of the native heap
# Possible solutions:
#   Reduce memory load on the system
#   Increase physical memory or swap space
#   Check if swap backing store is full
#   Decrease Java heap size (-Xmx/-Xms)
#   Decrease number of Java threads
#   Decrease Java thread stack sizes (-Xss)
#   Set larger code cache with -XX:ReservedCodeCacheSize=
#   JVM is running with Zero Based Compressed Oops mode in which the Java heap is
#     placed in the first 32GB address space. The Java Heap base address is the
#     maximum limit for the native heap growth. Please use -XX:HeapBaseMinAddress
#     to set the Java Heap base and to place the Java Heap above 32GB virtual address.
# This output file may be truncated or incomplete.
#
#  Out of Memory Error (./open/src/hotspot/share/memory/allocation.cpp:46), pid=1636, tid=26188
#
# JRE version: Java(TM) SE Runtime Environment 18.9 (11.0.15+8) (build 11.0.15+8-LTS-149)
# Java VM: Java HotSpot(TM) 64-Bit Server VM 18.9 (11.0.15+8-LTS-149, mixed mode, tiered, compressed oops, g1 gc, windows-amd64)
# No core dump will be written. Minidumps are not enabled by default on client versions of Windows
#

---------------  S U M M A R Y ------------

Command Line: -ea -Dfile.encoding=Cp1252 org.testng.remote.RemoteTestNG -serport 61700 -protocol json -d C:\Users\rahul\Desktop\SeleniumAlvinSir\Factweaver\test-output C:\Users\rahul\Desktop\SeleniumAlvinSir\Factweaver\test.xml

Host: 11th Gen Intel(R) Core(TM) i5-1135G7 @ 2.40GHz, 8 cores, 15G,  Windows 10 , 64 bit Build 19041 (10.0.19041.1706)
Time: Wed May 18 19:27:28 2022 India Standard Time elapsed time: 1.640944 seconds (0d 0h 0m 1s)

---------------  T H R E A D  ---------------

Current thread (0x00000227231fa000):  VMThread "VM Thread" [stack: 0x0000007a7f800000,0x0000007a7f900000] [id=26188]

Stack: [0x0000007a7f800000,0x0000007a7f900000]
[error occurred during error reporting (printing stack bounds), id 0xc0000005, EXCEPTION_ACCESS_VIOLATION (0xc0000005) at pc=0x00000227075f10e7]

Native frames: (J=compiled Java code, j=interpreted, Vv=VM code, C=native code)
V  [jvm.dll+0x629d8a]
V  [jvm.dll+0x7638ff]
V  [jvm.dll+0x764fa9]
V  [jvm.dll+0x765595]
V  [jvm.dll+0x76554b]
V  [jvm.dll+0x629273]
V  [jvm.dll+0x629988]
C  [ntdll.dll+0xa209f]
C  [ntdll.dll+0x51454]
C  [ntdll.dll+0xa0bce]
C  0x00000227075f10e7

VM_Operation (0x0000007a7f2fb770): CollectForMetadataAllocation, mode: safepoint, requested by thread 0x000002277cf23000


---------------  P R O C E S S  ---------------

Threads class SMR info:
_java_thread_list=0x0000022724ad1500, length=20, elements={
0x000002277cf23000, 0x00000227231fc800, 0x00000227231fe000, 0x0000022723b22800,
0x0000022723225000, 0x0000022723227000, 0x0000022723229800, 0x0000022723b46000,
0x0000022723ad9800, 0x0000022723cd3800, 0x00000227248ad000, 0x0000022724a90800,
0x0000022724e78800, 0x0000022725173000, 0x000002272516f000, 0x0000022725174000,
0x000002272516e800, 0x0000022725170000, 0x0000022725175000, 0x0000022725172800
}

Java Threads: ( => current thread )
  0x000002277cf23000 JavaThread "Forwarding newSession on session null to remote" [_thread_blocked, id=21724, stack(0x0000007a7f200000,0x0000007a7f300000)]
  0x00000227231fc800 JavaThread "Reference Handler" daemon [_thread_blocked, id=10032, stack(0x0000007a7f900000,0x0000007a7fa00000)]
  0x00000227231fe000 JavaThread "Finalizer" daemon [_thread_blocked, id=4868, stack(0x0000007a7fa00000,0x0000007a7fb00000)]
  0x0000022723b22800 JavaThread "Signal Dispatcher" daemon [_thread_blocked, id=2628, stack(0x0000007a7fb00000,0x0000007a7fc00000)]
  0x0000022723225000 JavaThread "Attach Listener" daemon [_thread_blocked, id=27108, stack(0x0000007a7fc00000,0x0000007a7fd00000)]
  0x0000022723227000 JavaThread "Service Thread" daemon [_thread_blocked, id=20936, stack(0x0000007a7fd00000,0x0000007a7fe00000)]
  0x0000022723229800 JavaThread "C2 CompilerThread0" daemon [_thread_in_native, id=11796, stack(0x0000007a7fe00000,0x0000007a7ff00000)]
  0x0000022723b46000 JavaThread "C1 CompilerThread0" daemon [_thread_blocked, id=30352, stack(0x0000007a7ff00000,0x0000007a80000000)]
  0x0000022723ad9800 JavaThread "Sweeper thread" daemon [_thread_blocked, id=32596, stack(0x0000007a00000000,0x0000007a00100000)]
  0x0000022723cd3800 JavaThread "Common-Cleaner" daemon [_thread_blocked, id=21736, stack(0x0000007a00200000,0x0000007a00300000)]
  0x00000227248ad000 JavaThread "ReaderThread" [_thread_in_native, id=32304, stack(0x0000007a00500000,0x0000007a00600000)]
  0x0000022724a90800 JavaThread "ForkJoinPool.commonPool-worker-3" daemon [_thread_blocked, id=23200, stack(0x0000007a00b00000,0x0000007a00c00000)]
  0x0000022724e78800 JavaThread "AsyncHttpClient-1-1" daemon [_thread_blocked, id=21336, stack(0x0000007a00c00000,0x0000007a00d00000)]
  0x0000022725173000 JavaThread "Exec Default Executor" daemon [_thread_in_native, id=24856, stack(0x0000007a00e00000,0x0000007a00f00000)]
  0x000002272516f000 JavaThread "Driver Service Executor" daemon [_thread_blocked, id=17896, stack(0x0000007a00f00000,0x0000007a01000000)]
  0x0000022725174000 JavaThread "Driver Service Executor" daemon [_thread_blocked, id=24180, stack(0x0000007a01000000,0x0000007a01100000)]
  0x000002272516e800 JavaThread "UrlChecker-2" daemon [_thread_blocked, id=28316, stack(0x0000007a01100000,0x0000007a01200000)]
  0x0000022725170000 JavaThread "Exec Stream Pumper" daemon [_thread_in_native, id=19380, stack(0x0000007a01200000,0x0000007a01300000)]
  0x0000022725175000 JavaThread "Exec Stream Pumper" daemon [_thread_in_native, id=30300, stack(0x0000007a01300000,0x0000007a01400000)]
  0x0000022725172800 JavaThread "Keep-Alive-Timer" daemon [_thread_blocked, id=30912, stack(0x0000007a00300000,0x0000007a00400000)]

Other Threads:
=>0x00000227231fa000 VMThread "VM Thread" [stack: 0x0000007a7f800000,0x0000007a7f900000] [id=26188]
  0x0000022723cce000 WatcherThread [stack: 0x0000007a00100000,0x0000007a00200000] [id=24636]
  0x000002277cf38000 GCTaskThread "GC Thread#0" [stack: 0x0000007a7f300000,0x0000007a7f400000] [id=27944]
  0x0000022724c07800 GCTaskThread "GC Thread#1" [stack: 0x0000007a00600000,0x0000007a00700000] [id=19120]
  0x0000022724949800 GCTaskThread "GC Thread#2" [stack: 0x0000007a00700000,0x0000007a00800000] [id=30740]
  0x0000022724904000 GCTaskThread "GC Thread#3" [stack: 0x0000007a00800000,0x0000007a00900000] [id=32364]
  0x0000022724c18800 GCTaskThread "GC Thread#4" [stack: 0x0000007a00900000,0x0000007a00a00000] [id=23404]
  0x0000022724c19800 GCTaskThread "GC Thread#5" [stack: 0x0000007a00a00000,0x0000007a00b00000] [id=23776]
  0x000002277cf95800 ConcurrentGCThread "G1 Main Marker" [stack: 0x0000007a7f400000,0x0000007a7f500000] [id=20912]
  0x000002277cf97800 ConcurrentGCThread "G1 Conc#0" [stack: 0x0000007a7f500000,0x0000007a7f600000] [id=1900]
  0x0000022724fcc800 ConcurrentGCThread "G1 Conc#1" [stack: 0x0000007a00d00000,0x0000007a00e00000] [id=24780]
  0x00000227230e6800 ConcurrentGCThread "G1 Refine#0" [stack: 0x0000007a7f600000,0x0000007a7f700000] [id=21664]
  0x00000227230e8800 ConcurrentGCThread "G1 Young RemSet Sampling" [stack: 0x0000007a7f700000,0x0000007a7f800000] [id=32212]

Threads with active compile tasks:
C2 CompilerThread0   1646 1758  s!   4       jdk.internal.loader.URLClassPath::getLoader (194 bytes)
C1 CompilerThread0   1646 1772       3       java.lang.reflect.Constructor::setAccessible (21 bytes)

VM state:at safepoint (normal execution)

VM Mutex/Monitor currently owned by a thread:  ([mutex/lock_event])
[0x000002277cf1ec70] Threads_lock - owner thread: 0x00000227231fa000
[0x000002277cf1ea30] Heap_lock - owner thread: 0x000002277cf23000

Heap address: 0x0000000703600000, size: 4042 MB, Compressed Oops mode: Zero based, Oop shift amount: 3
Narrow klass base: 0x0000000800000000, Narrow klass shift: 0
Compressed class space size: 1073741824 Address: 0x0000000800000000

Heap:
 garbage-first heap   total 260096K, used 9925K [0x0000000703600000, 0x0000000800000000)
  region size 1024K, 4 young (4096K), 4 survivors (4096K)
 Metaspace       used 24149K, capacity 24743K, committed 24832K, reserved 1079296K
  class space    used 2727K, capacity 2987K, committed 3072K, reserved 1048576K
Heap Regions: E=young(eden), S=young(survivor), O=old, HS=humongous(starts), HC=humongous(continues), CS=collection set, F=free, A=archive, TAMS=top-at-mark-start (previous, next)
|   0|0x0000000703600000, 0x0000000703700000, 0x0000000703700000|100%|HS|  |TAMS 0x0000000703700000, 0x0000000703700000| Complete 
|   1|0x0000000703700000, 0x0000000703800000, 0x0000000703800000|100%| O|  |TAMS 0x0000000703800000, 0x0000000703800000| Untracked 
|   2|0x0000000703800000, 0x0000000703900000, 0x0000000703900000|100%| O|  |TAMS 0x00000007038f5e00, 0x0000000703900000| Untracked 
|   3|0x0000000703900000, 0x0000000703a00000, 0x0000000703a00000|100%| O|  |TAMS 0x0000000703900000, 0x0000000703a00000| Untracked 
|   4|0x0000000703a00000, 0x0000000703b00000, 0x0000000703b00000|100%| O|  |TAMS 0x0000000703a00000, 0x0000000703b00000| Untracked 
|   5|0x0000000703b00000, 0x0000000703bdd800, 0x0000000703c00000| 86%| O|  |TAMS 0x0000000703b00000, 0x0000000703bdd800| Untracked 
|   6|0x0000000703c00000, 0x0000000703c00000, 0x0000000703d00000|  0%| F|  |TAMS 0x0000000703c00000, 0x0000000703c00000| Untracked 
|   7|0x0000000703d00000, 0x0000000703d00000, 0x0000000703e00000|  0%| F|  |TAMS 0x0000000703d00000, 0x0000000703d00000| Untracked 
|   8|0x0000000703e00000, 0x0000000703e00000, 0x0000000703f00000|  0%| F|  |TAMS 0x0000000703e00000, 0x0000000703e00000| Untracked 
|   9|0x0000000703f00000, 0x0000000703f00000, 0x0000000704000000|  0%| F|  |TAMS 0x0000000703f00000, 0x0000000703f00000| Untracked 
|  10|0x0000000704000000, 0x0000000704000000, 0x0000000704100000|  0%| F|  |TAMS 0x0000000704000000, 0x0000000704000000| Untracked 
|  11|0x0000000704100000, 0x0000000704100000, 0x0000000704200000|  0%| F|  |TAMS 0x0000000704100000, 0x0000000704100000| Untracked 
|  12|0x0000000704200000, 0x0000000704200000, 0x0000000704300000|  0%| F|  |TAMS 0x0000000704200000, 0x0000000704200000| Untracked 
|  13|0x0000000704300000, 0x0000000704300000, 0x0000000704400000|  0%| F|  |TAMS 0x0000000704300000, 0x0000000704300000| Untracked 
|  14|0x0000000704400000, 0x0000000704400000, 0x0000000704500000|  0%| F|  |TAMS 0x0000000704400000, 0x0000000704400000| Untracked 
|  15|0x0000000704500000, 0x0000000704500000, 0x0000000704600000|  0%| F|  |TAMS 0x0000000704500000, 0x0000000704500000| Untracked 
|  16|0x0000000704600000, 0x0000000704600000, 0x0000000704700000|  0%| F|  |TAMS 0x0000000704600000, 0x0000000704600000| Untracked 
|  17|0x0000000704700000, 0x0000000704700000, 0x0000000704800000|  0%| F|  |TAMS 0x0000000704700000, 0x0000000704700000| Untracked 
|  18|0x0000000704800000, 0x0000000704800000, 0x0000000704900000|  0%| F|  |TAMS 0x0000000704800000, 0x0000000704800000| Untracked 
|  19|0x0000000704900000, 0x0000000704900000, 0x0000000704a00000|  0%| F|  |TAMS 0x0000000704900000, 0x0000000704900000| Untracked 
|  20|0x0000000704a00000, 0x0000000704a00000, 0x0000000704b00000|  0%| F|  |TAMS 0x0000000704a00000, 0x0000000704a00000| Untracked 
|  21|0x0000000704b00000, 0x0000000704b00000, 0x0000000704c00000|  0%| F|  |TAMS 0x0000000704b00000, 0x0000000704b00000| Untracked 
|  22|0x0000000704c00000, 0x0000000704c00000, 0x0000000704d00000|  0%| F|  |TAMS 0x0000000704c00000, 0x0000000704c00000| Untracked 
|  23|0x0000000704d00000, 0x0000000704d00000, 0x0000000704e00000|  0%| F|  |TAMS 0x0000000704d00000, 0x0000000704d00000| Untracked 
|  24|0x0000000704e00000, 0x0000000704e00000, 0x0000000704f00000|  0%| F|  |TAMS 0x0000000704e00000, 0x0000000704e00000| Untracked 
|  25|0x0000000704f00000, 0x0000000704f00000, 0x0000000705000000|  0%| F|  |TAMS 0x0000000704f00000, 0x0000000704f00000| Untracked 
|  26|0x0000000705000000, 0x0000000705000000, 0x0000000705100000|  0%| F|  |TAMS 0x0000000705000000, 0x0000000705000000| Untracked 
|  27|0x0000000705100000, 0x0000000705100000, 0x0000000705200000|  0%| F|  |TAMS 0x0000000705100000, 0x0000000705100000| Untracked 
|  28|0x0000000705200000, 0x0000000705200000, 0x0000000705300000|  0%| F|  |TAMS 0x0000000705200000, 0x0000000705200000| Untracked 
|  29|0x0000000705300000, 0x0000000705300000, 0x0000000705400000|  0%| F|  |TAMS 0x0000000705300000, 0x0000000705300000| Untracked 
|  30|0x0000000705400000, 0x0000000705400000, 0x0000000705500000|  0%| F|  |TAMS 0x0000000705400000, 0x0000000705400000| Untracked 
|  31|0x0000000705500000, 0x0000000705500000, 0x0000000705600000|  0%| F|  |TAMS 0x0000000705500000, 0x0000000705500000| Untracked 
|  32|0x0000000705600000, 0x0000000705600000, 0x0000000705700000|  0%| F|  |TAMS 0x0000000705600000, 0x0000000705600000| Untracked 
|  33|0x0000000705700000, 0x0000000705700000, 0x0000000705800000|  0%| F|  |TAMS 0x0000000705700000, 0x0000000705700000| Untracked 
|  34|0x0000000705800000, 0x0000000705800000, 0x0000000705900000|  0%| F|  |TAMS 0x0000000705800000, 0x0000000705800000| Untracked 
|  35|0x0000000705900000, 0x0000000705900000, 0x0000000705a00000|  0%| F|  |TAMS 0x0000000705900000, 0x0000000705900000| Untracked 
|  36|0x0000000705a00000, 0x0000000705a00000, 0x0000000705b00000|  0%| F|  |TAMS 0x0000000705a00000, 0x0000000705a00000| Untracked 
|  37|0x0000000705b00000, 0x0000000705b00000, 0x0000000705c00000|  0%| F|  |TAMS 0x0000000705b00000, 0x0000000705b00000| Untracked 
|  38|0x0000000705c00000, 0x0000000705c00000, 0x0000000705d00000|  0%| F|  |TAMS 0x0000000705c00000, 0x0000000705c00000| Untracked 
|  39|0x0000000705d00000, 0x0000000705d00000, 0x0000000705e00000|  0%| F|  |TAMS 0x0000000705d00000, 0x0000000705d00000| Untracked 
|  40|0x0000000705e00000, 0x0000000705e00000, 0x0000000705f00000|  0%| F|  |TAMS 0x0000000705e00000, 0x0000000705e00000| Untracked 
|  41|0x0000000705f00000, 0x0000000705f00000, 0x0000000706000000|  0%| F|  |TAMS 0x0000000705f00000, 0x0000000705f00000| Untracked 
|  42|0x0000000706000000, 0x0000000706000000, 0x0000000706100000|  0%| F|  |TAMS 0x0000000706000000, 0x0000000706000000| Untracked 
|  43|0x0000000706100000, 0x0000000706100000, 0x0000000706200000|  0%| F|  |TAMS 0x0000000706100000, 0x0000000706100000| Untracked 
|  44|0x0000000706200000, 0x0000000706200000, 0x0000000706300000|  0%| F|  |TAMS 0x0000000706200000, 0x0000000706200000| Untracked 
|  45|0x0000000706300000, 0x0000000706300000, 0x0000000706400000|  0%| F|  |TAMS 0x0000000706300000, 0x0000000706300000| Untracked 
|  46|0x0000000706400000, 0x0000000706400000, 0x0000000706500000|  0%| F|  |TAMS 0x0000000706400000, 0x0000000706400000| Untracked 
|  47|0x0000000706500000, 0x0000000706500000, 0x0000000706600000|  0%| F|  |TAMS 0x0000000706500000, 0x0000000706500000| Untracked 
|  48|0x0000000706600000, 0x0000000706600000, 0x0000000706700000|  0%| F|  |TAMS 0x0000000706600000, 0x0000000706600000| Untracked 
|  49|0x0000000706700000, 0x0000000706700000, 0x0000000706800000|  0%| F|  |TAMS 0x0000000706700000, 0x0000000706700000| Untracked 
|  50|0x0000000706800000, 0x0000000706800000, 0x0000000706900000|  0%| F|  |TAMS 0x0000000706800000, 0x0000000706800000| Untracked 
|  51|0x0000000706900000, 0x0000000706900000, 0x0000000706a00000|  0%| F|  |TAMS 0x0000000706900000, 0x0000000706900000| Untracked 
|  52|0x0000000706a00000, 0x0000000706a00000, 0x0000000706b00000|  0%| F|  |TAMS 0x0000000706a00000, 0x0000000706a00000| Untracked 
|  53|0x0000000706b00000, 0x0000000706b00000, 0x0000000706c00000|  0%| F|  |TAMS 0x0000000706b00000, 0x0000000706b00000| Untracked 
|  54|0x0000000706c00000, 0x0000000706c00000, 0x0000000706d00000|  0%| F|  |TAMS 0x0000000706c00000, 0x0000000706c00000| Untracked 
|  55|0x0000000706d00000, 0x0000000706d00000, 0x0000000706e00000|  0%| F|  |TAMS 0x0000000706d00000, 0x0000000706d00000| Untracked 
|  56|0x0000000706e00000, 0x0000000706e00000, 0x0000000706f00000|  0%| F|  |TAMS 0x0000000706e00000, 0x0000000706e00000| Untracked 
|  57|0x0000000706f00000, 0x0000000706f00000, 0x0000000707000000|  0%| F|  |TAMS 0x0000000706f00000, 0x0000000706f00000| Untracked 
|  58|0x0000000707000000, 0x0000000707000000, 0x0000000707100000|  0%| F|  |TAMS 0x0000000707000000, 0x0000000707000000| Untracked 
|  59|0x0000000707100000, 0x0000000707100000, 0x0000000707200000|  0%| F|  |TAMS 0x0000000707100000, 0x0000000707100000| Untracked 
|  60|0x0000000707200000, 0x0000000707200000, 0x0000000707300000|  0%| F|  |TAMS 0x0000000707200000, 0x0000000707200000| Untracked 
|  61|0x0000000707300000, 0x0000000707300000, 0x0000000707400000|  0%| F|  |TAMS 0x0000000707300000, 0x0000000707300000| Untracked 
|  62|0x0000000707400000, 0x0000000707400000, 0x0000000707500000|  0%| F|  |TAMS 0x0000000707400000, 0x0000000707400000| Untracked 
|  63|0x0000000707500000, 0x0000000707500000, 0x0000000707600000|  0%| F|  |TAMS 0x0000000707500000, 0x0000000707500000| Untracked 
|  64|0x0000000707600000, 0x0000000707600000, 0x0000000707700000|  0%| F|  |TAMS 0x0000000707600000, 0x0000000707600000| Untracked 
|  65|0x0000000707700000, 0x0000000707700000, 0x0000000707800000|  0%| F|  |TAMS 0x0000000707700000, 0x0000000707700000| Untracked 
|  66|0x0000000707800000, 0x0000000707800000, 0x0000000707900000|  0%| F|  |TAMS 0x0000000707800000, 0x0000000707800000| Untracked 
|  67|0x0000000707900000, 0x0000000707900000, 0x0000000707a00000|  0%| F|  |TAMS 0x0000000707900000, 0x0000000707900000| Untracked 
|  68|0x0000000707a00000, 0x0000000707a00000, 0x0000000707b00000|  0%| F|  |TAMS 0x0000000707a00000, 0x0000000707a00000| Untracked 
|  69|0x0000000707b00000, 0x0000000707b00000, 0x0000000707c00000|  0%| F|  |TAMS 0x0000000707b00000, 0x0000000707b00000| Untracked 
|  70|0x0000000707c00000, 0x0000000707c00000, 0x0000000707d00000|  0%| F|  |TAMS 0x0000000707c00000, 0x0000000707c00000| Untracked 
|  71|0x0000000707d00000, 0x0000000707d00000, 0x0000000707e00000|  0%| F|  |TAMS 0x0000000707d00000, 0x0000000707d00000| Untracked 
|  72|0x0000000707e00000, 0x0000000707e00000, 0x0000000707f00000|  0%| F|  |TAMS 0x0000000707e00000, 0x0000000707e00000| Untracked 
|  73|0x0000000707f00000, 0x0000000707f00000, 0x0000000708000000|  0%| F|  |TAMS 0x0000000707f00000, 0x0000000707f00000| Untracked 
|  74|0x0000000708000000, 0x0000000708000000, 0x0000000708100000|  0%| F|  |TAMS 0x0000000708000000, 0x0000000708000000| Untracked 
|  75|0x0000000708100000, 0x0000000708100000, 0x0000000708200000|  0%| F|  |TAMS 0x0000000708100000, 0x0000000708100000| Untracked 
|  76|0x0000000708200000, 0x0000000708200000, 0x0000000708300000|  0%| F|  |TAMS 0x0000000708200000, 0x0000000708200000| Untracked 
|  77|0x0000000708300000, 0x0000000708300000, 0x0000000708400000|  0%| F|  |TAMS 0x0000000708300000, 0x0000000708300000| Untracked 
|  78|0x0000000708400000, 0x0000000708400000, 0x0000000708500000|  0%| F|  |TAMS 0x0000000708400000, 0x0000000708400000| Untracked 
|  79|0x0000000708500000, 0x0000000708500000, 0x0000000708600000|  0%| F|  |TAMS 0x0000000708500000, 0x0000000708500000| Untracked 
|  80|0x0000000708600000, 0x0000000708600000, 0x0000000708700000|  0%| F|  |TAMS 0x0000000708600000, 0x0000000708600000| Untracked 
|  81|0x0000000708700000, 0x0000000708700000, 0x0000000708800000|  0%| F|  |TAMS 0x0000000708700000, 0x0000000708700000| Untracked 
|  82|0x0000000708800000, 0x0000000708800000, 0x0000000708900000|  0%| F|  |TAMS 0x0000000708800000, 0x0000000708800000| Untracked 
|  83|0x0000000708900000, 0x0000000708900000, 0x0000000708a00000|  0%| F|  |TAMS 0x0000000708900000, 0x0000000708900000| Untracked 
|  84|0x0000000708a00000, 0x0000000708a00000, 0x0000000708b00000|  0%| F|  |TAMS 0x0000000708a00000, 0x0000000708a00000| Untracked 
|  85|0x0000000708b00000, 0x0000000708b00000, 0x0000000708c00000|  0%| F|  |TAMS 0x0000000708b00000, 0x0000000708b00000| Untracked 
|  86|0x0000000708c00000, 0x0000000708c00000, 0x0000000708d00000|  0%| F|  |TAMS 0x0000000708c00000, 0x0000000708c00000| Untracked 
|  87|0x0000000708d00000, 0x0000000708d00000, 0x0000000708e00000|  0%| F|  |TAMS 0x0000000708d00000, 0x0000000708d00000| Untracked 
|  88|0x0000000708e00000, 0x0000000708e00000, 0x0000000708f00000|  0%| F|  |TAMS 0x0000000708e00000, 0x0000000708e00000| Untracked 
|  89|0x0000000708f00000, 0x0000000708f00000, 0x0000000709000000|  0%| F|  |TAMS 0x0000000708f00000, 0x0000000708f00000| Untracked 
|  90|0x0000000709000000, 0x0000000709000000, 0x0000000709100000|  0%| F|  |TAMS 0x0000000709000000, 0x0000000709000000| Untracked 
|  91|0x0000000709100000, 0x0000000709100000, 0x0000000709200000|  0%| F|  |TAMS 0x0000000709100000, 0x0000000709100000| Untracked 
|  92|0x0000000709200000, 0x0000000709200000, 0x0000000709300000|  0%| F|  |TAMS 0x0000000709200000, 0x0000000709200000| Untracked 
|  93|0x0000000709300000, 0x0000000709300000, 0x0000000709400000|  0%| F|  |TAMS 0x0000000709300000, 0x0000000709300000| Untracked 
|  94|0x0000000709400000, 0x0000000709400000, 0x0000000709500000|  0%| F|  |TAMS 0x0000000709400000, 0x0000000709400000| Untracked 
|  95|0x0000000709500000, 0x0000000709500000, 0x0000000709600000|  0%| F|  |TAMS 0x0000000709500000, 0x0000000709500000| Untracked 
|  96|0x0000000709600000, 0x0000000709600000, 0x0000000709700000|  0%| F|  |TAMS 0x0000000709600000, 0x0000000709600000| Untracked 
|  97|0x0000000709700000, 0x0000000709700000, 0x0000000709800000|  0%| F|  |TAMS 0x0000000709700000, 0x0000000709700000| Untracked 
|  98|0x0000000709800000, 0x0000000709800000, 0x0000000709900000|  0%| F|  |TAMS 0x0000000709800000, 0x0000000709800000| Untracked 
|  99|0x0000000709900000, 0x0000000709900000, 0x0000000709a00000|  0%| F|  |TAMS 0x0000000709900000, 0x0000000709900000| Untracked 
| 100|0x0000000709a00000, 0x0000000709a00000, 0x0000000709b00000|  0%| F|  |TAMS 0x0000000709a00000, 0x0000000709a00000| Untracked 
| 101|0x0000000709b00000, 0x0000000709b00000, 0x0000000709c00000|  0%| F|  |TAMS 0x0000000709b00000, 0x0000000709b00000| Untracked 
| 102|0x0000000709c00000, 0x0000000709c00000, 0x0000000709d00000|  0%| F|  |TAMS 0x0000000709c00000, 0x0000000709c00000| Untracked 
| 103|0x0000000709d00000, 0x0000000709d00000, 0x0000000709e00000|  0%| F|  |TAMS 0x0000000709d00000, 0x0000000709d00000| Untracked 
| 104|0x0000000709e00000, 0x0000000709e00000, 0x0000000709f00000|  0%| F|  |TAMS 0x0000000709e00000, 0x0000000709e00000| Untracked 
| 105|0x0000000709f00000, 0x0000000709f00000, 0x000000070a000000|  0%| F|  |TAMS 0x0000000709f00000, 0x0000000709f00000| Untracked 
| 106|0x000000070a000000, 0x000000070a000000, 0x000000070a100000|  0%| F|  |TAMS 0x000000070a000000, 0x000000070a000000| Untracked 
| 107|0x000000070a100000, 0x000000070a100000, 0x000000070a200000|  0%| F|  |TAMS 0x000000070a100000, 0x000000070a100000| Untracked 
| 108|0x000000070a200000, 0x000000070a200000, 0x000000070a300000|  0%| F|  |TAMS 0x000000070a200000, 0x000000070a200000| Untracked 
| 109|0x000000070a300000, 0x000000070a300000, 0x000000070a400000|  0%| F|  |TAMS 0x000000070a300000, 0x000000070a300000| Untracked 
| 110|0x000000070a400000, 0x000000070a400000, 0x000000070a500000|  0%| F|  |TAMS 0x000000070a400000, 0x000000070a400000| Untracked 
| 111|0x000000070a500000, 0x000000070a500000, 0x000000070a600000|  0%| F|  |TAMS 0x000000070a500000, 0x000000070a500000| Untracked 
| 112|0x000000070a600000, 0x000000070a600000, 0x000000070a700000|  0%| F|  |TAMS 0x000000070a600000, 0x000000070a600000| Untracked 
| 113|0x000000070a700000, 0x000000070a700000, 0x000000070a800000|  0%| F|  |TAMS 0x000000070a700000, 0x000000070a700000| Untracked 
| 114|0x000000070a800000, 0x000000070a800000, 0x000000070a900000|  0%| F|  |TAMS 0x000000070a800000, 0x000000070a800000| Untracked 
| 115|0x000000070a900000, 0x000000070a900000, 0x000000070aa00000|  0%| F|  |TAMS 0x000000070a900000, 0x000000070a900000| Untracked 
| 116|0x000000070aa00000, 0x000000070aa00000, 0x000000070ab00000|  0%| F|  |TAMS 0x000000070aa00000, 0x000000070aa00000| Untracked 
| 117|0x000000070ab00000, 0x000000070ab00000, 0x000000070ac00000|  0%| F|  |TAMS 0x000000070ab00000, 0x000000070ab00000| Untracked 
| 118|0x000000070ac00000, 0x000000070ac00000, 0x000000070ad00000|  0%| F|  |TAMS 0x000000070ac00000, 0x000000070ac00000| Untracked 
| 119|0x000000070ad00000, 0x000000070ad00000, 0x000000070ae00000|  0%| F|  |TAMS 0x000000070ad00000, 0x000000070ad00000| Untracked 
| 120|0x000000070ae00000, 0x000000070ae00000, 0x000000070af00000|  0%| F|  |TAMS 0x000000070ae00000, 0x000000070ae00000| Untracked 
| 121|0x000000070af00000, 0x000000070af00000, 0x000000070b000000|  0%| F|  |TAMS 0x000000070af00000, 0x000000070af00000| Untracked 
| 122|0x000000070b000000, 0x000000070b000000, 0x000000070b100000|  0%| F|  |TAMS 0x000000070b000000, 0x000000070b000000| Untracked 
| 123|0x000000070b100000, 0x000000070b100000, 0x000000070b200000|  0%| F|  |TAMS 0x000000070b100000, 0x000000070b100000| Untracked 
| 124|0x000000070b200000, 0x000000070b200000, 0x000000070b300000|  0%| F|  |TAMS 0x000000070b200000, 0x000000070b200000| Untracked 
| 125|0x000000070b300000, 0x000000070b300000, 0x000000070b400000|  0%| F|  |TAMS 0x000000070b300000, 0x000000070b300000| Untracked 
| 126|0x000000070b400000, 0x000000070b400000, 0x000000070b500000|  0%| F|  |TAMS 0x000000070b400000, 0x000000070b400000| Untracked 
| 127|0x000000070b500000, 0x000000070b500000, 0x000000070b600000|  0%| F|  |TAMS 0x000000070b500000, 0x000000070b500000| Untracked 
| 128|0x000000070b600000, 0x000000070b600000, 0x000000070b700000|  0%| F|  |TAMS 0x000000070b600000, 0x000000070b600000| Untracked 
| 129|0x000000070b700000, 0x000000070b700000, 0x000000070b800000|  0%| F|  |TAMS 0x000000070b700000, 0x000000070b700000| Untracked 
| 130|0x000000070b800000, 0x000000070b800000, 0x000000070b900000|  0%| F|  |TAMS 0x000000070b800000, 0x000000070b800000| Untracked 
| 131|0x000000070b900000, 0x000000070b900000, 0x000000070ba00000|  0%| F|  |TAMS 0x000000070b900000, 0x000000070b900000| Untracked 
| 132|0x000000070ba00000, 0x000000070ba00000, 0x000000070bb00000|  0%| F|  |TAMS 0x000000070ba00000, 0x000000070ba00000| Untracked 
| 133|0x000000070bb00000, 0x000000070bb00000, 0x000000070bc00000|  0%| F|  |TAMS 0x000000070bb00000, 0x000000070bb00000| Untracked 
| 134|0x000000070bc00000, 0x000000070bc00000, 0x000000070bd00000|  0%| F|  |TAMS 0x000000070bc00000, 0x000000070bc00000| Untracked 
| 135|0x000000070bd00000, 0x000000070bd00000, 0x000000070be00000|  0%| F|  |TAMS 0x000000070bd00000, 0x000000070bd00000| Untracked 
| 136|0x000000070be00000, 0x000000070be00000, 0x000000070bf00000|  0%| F|  |TAMS 0x000000070be00000, 0x000000070be00000| Untracked 
| 137|0x000000070bf00000, 0x000000070bf00000, 0x000000070c000000|  0%| F|  |TAMS 0x000000070bf00000, 0x000000070bf00000| Untracked 
| 138|0x000000070c000000, 0x000000070c000000, 0x000000070c100000|  0%| F|  |TAMS 0x000000070c000000, 0x000000070c000000| Untracked 
| 139|0x000000070c100000, 0x000000070c100000, 0x000000070c200000|  0%| F|  |TAMS 0x000000070c100000, 0x000000070c100000| Untracked 
| 140|0x000000070c200000, 0x000000070c200000, 0x000000070c300000|  0%| F|  |TAMS 0x000000070c200000, 0x000000070c200000| Untracked 
| 141|0x000000070c300000, 0x000000070c300000, 0x000000070c400000|  0%| F|  |TAMS 0x000000070c300000, 0x000000070c300000| Untracked 
| 142|0x000000070c400000, 0x000000070c400000, 0x000000070c500000|  0%| F|  |TAMS 0x000000070c400000, 0x000000070c400000| Untracked 
| 143|0x000000070c500000, 0x000000070c500000, 0x000000070c600000|  0%| F|  |TAMS 0x000000070c500000, 0x000000070c500000| Untracked 
| 144|0x000000070c600000, 0x000000070c600000, 0x000000070c700000|  0%| F|  |TAMS 0x000000070c600000, 0x000000070c600000| Untracked 
| 145|0x000000070c700000, 0x000000070c700000, 0x000000070c800000|  0%| F|  |TAMS 0x000000070c700000, 0x000000070c700000| Untracked 
| 146|0x000000070c800000, 0x000000070c800000, 0x000000070c900000|  0%| F|  |TAMS 0x000000070c800000, 0x000000070c800000| Untracked 
| 147|0x000000070c900000, 0x000000070c900000, 0x000000070ca00000|  0%| F|  |TAMS 0x000000070c900000, 0x000000070c900000| Untracked 
| 148|0x000000070ca00000, 0x000000070ca00000, 0x000000070cb00000|  0%| F|  |TAMS 0x000000070ca00000, 0x000000070ca00000| Untracked 
| 149|0x000000070cb00000, 0x000000070cb00000, 0x000000070cc00000|  0%| F|  |TAMS 0x000000070cb00000, 0x000000070cb00000| Untracked 
| 150|0x000000070cc00000, 0x000000070cc00000, 0x000000070cd00000|  0%| F|  |TAMS 0x000000070cc00000, 0x000000070cc00000| Untracked 
| 151|0x000000070cd00000, 0x000000070cd00000, 0x000000070ce00000|  0%| F|  |TAMS 0x000000070cd00000, 0x000000070cd00000| Untracked 
| 152|0x000000070ce00000, 0x000000070ce00000, 0x000000070cf00000|  0%| F|  |TAMS 0x000000070ce00000, 0x000000070ce00000| Untracked 
| 153|0x000000070cf00000, 0x000000070cf00000, 0x000000070d000000|  0%| F|  |TAMS 0x000000070cf00000, 0x000000070cf00000| Untracked 
| 154|0x000000070d000000, 0x000000070d000000, 0x000000070d100000|  0%| F|  |TAMS 0x000000070d000000, 0x000000070d000000| Untracked 
| 155|0x000000070d100000, 0x000000070d100000, 0x000000070d200000|  0%| F|  |TAMS 0x000000070d100000, 0x000000070d100000| Untracked 
| 156|0x000000070d200000, 0x000000070d200000, 0x000000070d300000|  0%| F|  |TAMS 0x000000070d200000, 0x000000070d200000| Untracked 
| 157|0x000000070d300000, 0x000000070d300000, 0x000000070d400000|  0%| F|  |TAMS 0x000000070d300000, 0x000000070d300000| Untracked 
| 158|0x000000070d400000, 0x000000070d400000, 0x000000070d500000|  0%| F|  |TAMS 0x000000070d400000, 0x000000070d400000| Untracked 
| 159|0x000000070d500000, 0x000000070d500000, 0x000000070d600000|  0%| F|  |TAMS 0x000000070d500000, 0x000000070d500000| Untracked 
| 160|0x000000070d600000, 0x000000070d600000, 0x000000070d700000|  0%| F|  |TAMS 0x000000070d600000, 0x000000070d600000| Untracked 
| 161|0x000000070d700000, 0x000000070d700000, 0x000000070d800000|  0%| F|  |TAMS 0x000000070d700000, 0x000000070d700000| Untracked 
| 162|0x000000070d800000, 0x000000070d800000, 0x000000070d900000|  0%| F|  |TAMS 0x000000070d800000, 0x000000070d800000| Untracked 
| 163|0x000000070d900000, 0x000000070d900000, 0x000000070da00000|  0%| F|  |TAMS 0x000000070d900000, 0x000000070d900000| Untracked 
| 164|0x000000070da00000, 0x000000070da00000, 0x000000070db00000|  0%| F|  |TAMS 0x000000070da00000, 0x000000070da00000| Untracked 
| 165|0x000000070db00000, 0x000000070db00000, 0x000000070dc00000|  0%| F|  |TAMS 0x000000070db00000, 0x000000070db00000| Untracked 
| 166|0x000000070dc00000, 0x000000070dc00000, 0x000000070dd00000|  0%| F|  |TAMS 0x000000070dc00000, 0x000000070dc00000| Untracked 
| 167|0x000000070dd00000, 0x000000070dd00000, 0x000000070de00000|  0%| F|  |TAMS 0x000000070dd00000, 0x000000070dd00000| Untracked 
| 168|0x000000070de00000, 0x000000070de00000, 0x000000070df00000|  0%| F|  |TAMS 0x000000070de00000, 0x000000070de00000| Untracked 
| 169|0x000000070df00000, 0x000000070df00000, 0x000000070e000000|  0%| F|  |TAMS 0x000000070df00000, 0x000000070df00000| Untracked 
| 170|0x000000070e000000, 0x000000070e000000, 0x000000070e100000|  0%| F|  |TAMS 0x000000070e000000, 0x000000070e000000| Untracked 
| 171|0x000000070e100000, 0x000000070e100000, 0x000000070e200000|  0%| F|  |TAMS 0x000000070e100000, 0x000000070e100000| Untracked 
| 172|0x000000070e200000, 0x000000070e200000, 0x000000070e300000|  0%| F|  |TAMS 0x000000070e200000, 0x000000070e200000| Untracked 
| 173|0x000000070e300000, 0x000000070e300000, 0x000000070e400000|  0%| F|  |TAMS 0x000000070e300000, 0x000000070e300000| Untracked 
| 174|0x000000070e400000, 0x000000070e400000, 0x000000070e500000|  0%| F|  |TAMS 0x000000070e400000, 0x000000070e400000| Untracked 
| 175|0x000000070e500000, 0x000000070e500000, 0x000000070e600000|  0%| F|  |TAMS 0x000000070e500000, 0x000000070e500000| Untracked 
| 176|0x000000070e600000, 0x000000070e600000, 0x000000070e700000|  0%| F|  |TAMS 0x000000070e600000, 0x000000070e600000| Untracked 
| 177|0x000000070e700000, 0x000000070e700000, 0x000000070e800000|  0%| F|  |TAMS 0x000000070e700000, 0x000000070e700000| Untracked 
| 178|0x000000070e800000, 0x000000070e800000, 0x000000070e900000|  0%| F|  |TAMS 0x000000070e800000, 0x000000070e800000| Untracked 
| 179|0x000000070e900000, 0x000000070e900000, 0x000000070ea00000|  0%| F|  |TAMS 0x000000070e900000, 0x000000070e900000| Untracked 
| 180|0x000000070ea00000, 0x000000070ea00000, 0x000000070eb00000|  0%| F|  |TAMS 0x000000070ea00000, 0x000000070ea00000| Untracked 
| 181|0x000000070eb00000, 0x000000070eb00000, 0x000000070ec00000|  0%| F|  |TAMS 0x000000070eb00000, 0x000000070eb00000| Untracked 
| 182|0x000000070ec00000, 0x000000070ec00000, 0x000000070ed00000|  0%| F|  |TAMS 0x000000070ec00000, 0x000000070ec00000| Untracked 
| 183|0x000000070ed00000, 0x000000070ed00000, 0x000000070ee00000|  0%| F|  |TAMS 0x000000070ed00000, 0x000000070ed00000| Untracked 
| 184|0x000000070ee00000, 0x000000070ee00000, 0x000000070ef00000|  0%| F|  |TAMS 0x000000070ee00000, 0x000000070ee00000| Untracked 
| 185|0x000000070ef00000, 0x000000070ef00000, 0x000000070f000000|  0%| F|  |TAMS 0x000000070ef00000, 0x000000070ef00000| Untracked 
| 186|0x000000070f000000, 0x000000070f000000, 0x000000070f100000|  0%| F|  |TAMS 0x000000070f000000, 0x000000070f000000| Untracked 
| 187|0x000000070f100000, 0x000000070f100000, 0x000000070f200000|  0%| F|  |TAMS 0x000000070f100000, 0x000000070f100000| Untracked 
| 188|0x000000070f200000, 0x000000070f200000, 0x000000070f300000|  0%| F|  |TAMS 0x000000070f200000, 0x000000070f200000| Untracked 
| 189|0x000000070f300000, 0x000000070f300000, 0x000000070f400000|  0%| F|  |TAMS 0x000000070f300000, 0x000000070f300000| Untracked 
| 190|0x000000070f400000, 0x000000070f400000, 0x000000070f500000|  0%| F|  |TAMS 0x000000070f400000, 0x000000070f400000| Untracked 
| 191|0x000000070f500000, 0x000000070f500000, 0x000000070f600000|  0%| F|  |TAMS 0x000000070f500000, 0x000000070f500000| Untracked 
| 192|0x000000070f600000, 0x000000070f600000, 0x000000070f700000|  0%| F|  |TAMS 0x000000070f600000, 0x000000070f600000| Untracked 
| 193|0x000000070f700000, 0x000000070f700000, 0x000000070f800000|  0%| F|  |TAMS 0x000000070f700000, 0x000000070f700000| Untracked 
| 194|0x000000070f800000, 0x000000070f800000, 0x000000070f900000|  0%| F|  |TAMS 0x000000070f800000, 0x000000070f800000| Untracked 
| 195|0x000000070f900000, 0x000000070f900000, 0x000000070fa00000|  0%| F|  |TAMS 0x000000070f900000, 0x000000070f900000| Untracked 
| 196|0x000000070fa00000, 0x000000070fa00000, 0x000000070fb00000|  0%| F|  |TAMS 0x000000070fa00000, 0x000000070fa00000| Untracked 
| 197|0x000000070fb00000, 0x000000070fb00000, 0x000000070fc00000|  0%| F|  |TAMS 0x000000070fb00000, 0x000000070fb00000| Untracked 
| 198|0x000000070fc00000, 0x000000070fc00000, 0x000000070fd00000|  0%| F|  |TAMS 0x000000070fc00000, 0x000000070fc00000| Untracked 
| 199|0x000000070fd00000, 0x000000070fd00000, 0x000000070fe00000|  0%| F|  |TAMS 0x000000070fd00000, 0x000000070fd00000| Untracked 
| 200|0x000000070fe00000, 0x000000070fe00000, 0x000000070ff00000|  0%| F|  |TAMS 0x000000070fe00000, 0x000000070fe00000| Untracked 
| 201|0x000000070ff00000, 0x000000070ff00000, 0x0000000710000000|  0%| F|  |TAMS 0x000000070ff00000, 0x000000070ff00000| Untracked 
| 202|0x0000000710000000, 0x0000000710000000, 0x0000000710100000|  0%| F|  |TAMS 0x0000000710000000, 0x0000000710000000| Untracked 
| 203|0x0000000710100000, 0x0000000710100000, 0x0000000710200000|  0%| F|  |TAMS 0x0000000710100000, 0x0000000710100000| Untracked 
| 204|0x0000000710200000, 0x0000000710200000, 0x0000000710300000|  0%| F|  |TAMS 0x0000000710200000, 0x0000000710200000| Untracked 
| 205|0x0000000710300000, 0x0000000710300000, 0x0000000710400000|  0%| F|  |TAMS 0x0000000710300000, 0x0000000710300000| Untracked 
| 206|0x0000000710400000, 0x0000000710400000, 0x0000000710500000|  0%| F|  |TAMS 0x0000000710400000, 0x0000000710400000| Untracked 
| 207|0x0000000710500000, 0x0000000710500000, 0x0000000710600000|  0%| F|  |TAMS 0x0000000710500000, 0x0000000710500000| Untracked 
| 208|0x0000000710600000, 0x0000000710600000, 0x0000000710700000|  0%| F|  |TAMS 0x0000000710600000, 0x0000000710600000| Untracked 
| 209|0x0000000710700000, 0x0000000710700000, 0x0000000710800000|  0%| F|  |TAMS 0x0000000710700000, 0x0000000710700000| Untracked 
| 210|0x0000000710800000, 0x0000000710800000, 0x0000000710900000|  0%| F|  |TAMS 0x0000000710800000, 0x0000000710800000| Untracked 
| 211|0x0000000710900000, 0x0000000710900000, 0x0000000710a00000|  0%| F|  |TAMS 0x0000000710900000, 0x0000000710900000| Untracked 
| 212|0x0000000710a00000, 0x0000000710a00000, 0x0000000710b00000|  0%| F|  |TAMS 0x0000000710a00000, 0x0000000710a00000| Untracked 
| 213|0x0000000710b00000, 0x0000000710b00000, 0x0000000710c00000|  0%| F|  |TAMS 0x0000000710b00000, 0x0000000710b00000| Untracked 
| 214|0x0000000710c00000, 0x0000000710c00000, 0x0000000710d00000|  0%| F|  |TAMS 0x0000000710c00000, 0x0000000710c00000| Untracked 
| 215|0x0000000710d00000, 0x0000000710d00000, 0x0000000710e00000|  0%| F|  |TAMS 0x0000000710d00000, 0x0000000710d00000| Untracked 
| 216|0x0000000710e00000, 0x0000000710e00000, 0x0000000710f00000|  0%| F|  |TAMS 0x0000000710e00000, 0x0000000710e00000| Untracked 
| 217|0x0000000710f00000, 0x0000000710f00000, 0x0000000711000000|  0%| F|  |TAMS 0x0000000710f00000, 0x0000000710f00000| Untracked 
| 218|0x0000000711000000, 0x0000000711000000, 0x0000000711100000|  0%| F|  |TAMS 0x0000000711000000, 0x0000000711000000| Untracked 
| 219|0x0000000711100000, 0x0000000711100000, 0x0000000711200000|  0%| F|  |TAMS 0x0000000711100000, 0x0000000711100000| Untracked 
| 220|0x0000000711200000, 0x0000000711200000, 0x0000000711300000|  0%| F|  |TAMS 0x0000000711200000, 0x0000000711200000| Untracked 
| 221|0x0000000711300000, 0x0000000711300000, 0x0000000711400000|  0%| F|  |TAMS 0x0000000711300000, 0x0000000711300000| Untracked 
| 222|0x0000000711400000, 0x0000000711400000, 0x0000000711500000|  0%| F|  |TAMS 0x0000000711400000, 0x0000000711400000| Untracked 
| 223|0x0000000711500000, 0x0000000711500000, 0x0000000711600000|  0%| F|  |TAMS 0x0000000711500000, 0x0000000711500000| Untracked 
| 224|0x0000000711600000, 0x0000000711600000, 0x0000000711700000|  0%| F|  |TAMS 0x0000000711600000, 0x0000000711600000| Untracked 
| 225|0x0000000711700000, 0x0000000711700000, 0x0000000711800000|  0%| F|  |TAMS 0x0000000711700000, 0x0000000711700000| Untracked 
| 226|0x0000000711800000, 0x0000000711800000, 0x0000000711900000|  0%| F|  |TAMS 0x0000000711800000, 0x0000000711800000| Untracked 
| 227|0x0000000711900000, 0x0000000711900000, 0x0000000711a00000|  0%| F|  |TAMS 0x0000000711900000, 0x0000000711900000| Untracked 
| 228|0x0000000711a00000, 0x0000000711a00000, 0x0000000711b00000|  0%| F|  |TAMS 0x0000000711a00000, 0x0000000711a00000| Untracked 
| 229|0x0000000711b00000, 0x0000000711b00000, 0x0000000711c00000|  0%| F|  |TAMS 0x0000000711b00000, 0x0000000711b00000| Untracked 
| 230|0x0000000711c00000, 0x0000000711c00000, 0x0000000711d00000|  0%| F|  |TAMS 0x0000000711c00000, 0x0000000711c00000| Untracked 
| 231|0x0000000711d00000, 0x0000000711d00000, 0x0000000711e00000|  0%| F|  |TAMS 0x0000000711d00000, 0x0000000711d00000| Untracked 
| 232|0x0000000711e00000, 0x0000000711e00000, 0x0000000711f00000|  0%| F|  |TAMS 0x0000000711e00000, 0x0000000711e00000| Untracked 
| 233|0x0000000711f00000, 0x0000000711fd3de8, 0x0000000712000000| 82%| S|CS|TAMS 0x0000000711f00000, 0x0000000711f00000| Complete 
| 234|0x0000000712000000, 0x0000000712100000, 0x0000000712100000|100%| S|CS|TAMS 0x0000000712000000, 0x0000000712000000| Complete 
| 235|0x0000000712100000, 0x0000000712200000, 0x0000000712200000|100%| S|CS|TAMS 0x0000000712100000, 0x0000000712100000| Complete 
| 236|0x0000000712200000, 0x0000000712300000, 0x0000000712300000|100%| S|CS|TAMS 0x0000000712200000, 0x0000000712200000| Complete 
| 237|0x0000000712300000, 0x0000000712300000, 0x0000000712400000|  0%| F|  |TAMS 0x0000000712300000, 0x0000000712300000| Untracked 
| 238|0x0000000712400000, 0x0000000712400000, 0x0000000712500000|  0%| F|  |TAMS 0x0000000712400000, 0x0000000712400000| Untracked 
| 239|0x0000000712500000, 0x0000000712500000, 0x0000000712600000|  0%| F|  |TAMS 0x0000000712500000, 0x0000000712500000| Untracked 
| 240|0x0000000712600000, 0x0000000712600000, 0x0000000712700000|  0%| F|  |TAMS 0x0000000712600000, 0x0000000712600000| Untracked 
| 241|0x0000000712700000, 0x0000000712700000, 0x0000000712800000|  0%| F|  |TAMS 0x0000000712700000, 0x0000000712700000| Untracked 
| 242|0x0000000712800000, 0x0000000712800000, 0x0000000712900000|  0%| F|  |TAMS 0x0000000712800000, 0x0000000712800000| Untracked 
| 243|0x0000000712900000, 0x0000000712900000, 0x0000000712a00000|  0%| F|  |TAMS 0x0000000712900000, 0x0000000712900000| Untracked 
| 244|0x0000000712a00000, 0x0000000712a00000, 0x0000000712b00000|  0%| F|  |TAMS 0x0000000712a00000, 0x0000000712a00000| Untracked 
| 245|0x0000000712b00000, 0x0000000712b00000, 0x0000000712c00000|  0%| F|  |TAMS 0x0000000712b00000, 0x0000000712b00000| Untracked 
| 246|0x0000000712c00000, 0x0000000712c00000, 0x0000000712d00000|  0%| F|  |TAMS 0x0000000712c00000, 0x0000000712c00000| Untracked 
| 247|0x0000000712d00000, 0x0000000712d00000, 0x0000000712e00000|  0%| F|  |TAMS 0x0000000712d00000, 0x0000000712d00000| Untracked 
| 248|0x0000000712e00000, 0x0000000712e00000, 0x0000000712f00000|  0%| F|  |TAMS 0x0000000712e00000, 0x0000000712e00000| Untracked 
| 249|0x0000000712f00000, 0x0000000712f00000, 0x0000000713000000|  0%| F|  |TAMS 0x0000000712f00000, 0x0000000712f00000| Untracked 
| 250|0x0000000713000000, 0x0000000713000000, 0x0000000713100000|  0%| F|  |TAMS 0x0000000713000000, 0x0000000713000000| Untracked 
| 251|0x0000000713100000, 0x0000000713100000, 0x0000000713200000|  0%| F|  |TAMS 0x0000000713100000, 0x0000000713100000| Untracked 
| 252|0x0000000713200000, 0x0000000713200000, 0x0000000713300000|  0%| F|  |TAMS 0x0000000713200000, 0x0000000713200000| Untracked 
| 253|0x0000000713300000, 0x0000000713300000, 0x0000000713400000|  0%| F|  |TAMS 0x0000000713300000, 0x0000000713300000| Untracked 

Card table byte_map: [0x0000022717850000,0x0000022718040000] _byte_map_base: 0x0000022714035000

Marking Bits (Prev, Next): (CMBitMap*) 0x000002277cf84bd0, (CMBitMap*) 0x000002277cf84b98
 Prev Bits: [0x000002271c760000, 0x0000022720688000)
 Next Bits: [0x0000022718830000, 0x000002271c758000)

Polling page: 0x0000022700000000

Metaspace:

Usage:
  Non-class:     21.25 MB capacity,    20.92 MB ( 98%) used,   272.87 KB (  1%) free+waste,    61.13 KB ( <1%) overhead. 
      Class:      2.92 MB capacity,     2.66 MB ( 91%) used,   227.20 KB (  8%) free+waste,    32.19 KB (  1%) overhead. 
       Both:     24.16 MB capacity,    23.58 MB ( 98%) used,   500.06 KB (  2%) free+waste,    93.31 KB ( <1%) overhead. 

Virtual space:
  Non-class space:       30.00 MB reserved,      21.25 MB ( 71%) committed 
      Class space:        1.00 GB reserved,       3.00 MB ( <1%) committed 
             Both:        1.03 GB reserved,      24.25 MB (  2%) committed 

Chunk freelists:
   Non-Class:  512 bytes
       Class:  0 bytes
        Both:  512 bytes

CodeHeap 'non-profiled nmethods': size=120000Kb used=718Kb max_used=718Kb free=119281Kb
 bounds [0x000002270f0c0000, 0x000002270f330000, 0x00000227165f0000]
CodeHeap 'profiled nmethods': size=120000Kb used=3368Kb max_used=3368Kb free=116631Kb
 bounds [0x0000022707b90000, 0x0000022707ee0000, 0x000002270f0c0000]
CodeHeap 'non-nmethods': size=5760Kb used=1179Kb max_used=1195Kb free=4580Kb
 bounds [0x00000227075f0000, 0x0000022707860000, 0x0000022707b90000]
 total_blobs=2263 nmethods=1770 adapters=404
 compilation: enabled
              stopped_count=0, restarted_count=0
 full_count=0

Compilation events (10 events):
Event: 1.630 Thread 0x0000022723b46000 nmethod 1763 0x0000022707ed4d10 code [0x0000022707ed4ec0, 0x0000022707ed5148]
Event: 1.630 Thread 0x0000022723b46000 1764       3       java.lang.Class::copyConstructors (38 bytes)
Event: 1.631 Thread 0x0000022723b46000 nmethod 1764 0x0000022707ed5290 code [0x0000022707ed54e0, 0x0000022707ed6008]
Event: 1.632 Thread 0x0000022723b46000 1767       3       java.lang.invoke.LambdaFormEditor$Transform::<init> (17 bytes)
Event: 1.632 Thread 0x0000022723b46000 nmethod 1767 0x0000022707ed6390 code [0x0000022707ed6560, 0x0000022707ed6958]
Event: 1.633 Thread 0x0000022723b46000 1769       3       java.lang.reflect.Constructor::acquireConstructorAccessor (44 bytes)
Event: 1.633 Thread 0x0000022723b46000 nmethod 1769 0x0000022707ed6a90 code [0x0000022707ed6c80, 0x0000022707ed7178]
Event: 1.633 Thread 0x0000022723b46000 1770       3       jdk.internal.org.objectweb.asm.Type::getArgumentsAndReturnSizes (151 bytes)
Event: 1.634 Thread 0x0000022723b46000 nmethod 1770 0x0000022707ed7310 code [0x0000022707ed7680, 0x0000022707ed8f18]
Event: 1.634 Thread 0x0000022723b46000 1772       3       java.lang.reflect.Constructor::setAccessible (21 bytes)

GC Heap History (6 events):
Event: 0.559 GC heap before
{Heap before GC invocations=0 (full 0):
 garbage-first heap   total 260096K, used 24576K [0x0000000703600000, 0x0000000800000000)
  region size 1024K, 24 young (24576K), 0 survivors (0K)
 Metaspace       used 12372K, capacity 12635K, committed 12928K, reserved 1060864K
  class space    used 1213K, capacity 1301K, committed 1408K, reserved 1048576K
}
Event: 0.563 GC heap after
{Heap after GC invocations=1 (full 0):
 garbage-first heap   total 260096K, used 6103K [0x0000000703600000, 0x0000000800000000)
  region size 1024K, 3 young (3072K), 3 survivors (3072K)
 Metaspace       used 12372K, capacity 12635K, committed 12928K, reserved 1060864K
  class space    used 1213K, capacity 1301K, committed 1408K, reserved 1048576K
}
Event: 0.919 GC heap before
{Heap before GC invocations=1 (full 0):
 garbage-first heap   total 260096K, used 40919K [0x0000000703600000, 0x0000000800000000)
  region size 1024K, 38 young (38912K), 3 survivors (3072K)
 Metaspace       used 20668K, capacity 21110K, committed 21248K, reserved 1069056K
  class space    used 2239K, capacity 2442K, committed 2560K, reserved 1048576K
}
Event: 0.924 GC heap after
{Heap after GC invocations=2 (full 0):
 garbage-first heap   total 260096K, used 8657K [0x0000000703600000, 0x0000000800000000)
  region size 1024K, 6 young (6144K), 6 survivors (6144K)
 Metaspace       used 20668K, capacity 21110K, committed 21248K, reserved 1069056K
  class space    used 2239K, capacity 2442K, committed 2560K, reserved 1048576K
}
Event: 1.635 GC heap before
{Heap before GC invocations=3 (full 0):
 garbage-first heap   total 260096K, used 25041K [0x0000000703600000, 0x0000000800000000)
  region size 1024K, 23 young (23552K), 6 survivors (6144K)
 Metaspace       used 24149K, capacity 24743K, committed 24832K, reserved 1077248K
  class space    used 2727K, capacity 2987K, committed 3072K, reserved 1048576K
}
Event: 1.640 GC heap after
{Heap after GC invocations=4 (full 0):
 garbage-first heap   total 260096K, used 9925K [0x0000000703600000, 0x0000000800000000)
  region size 1024K, 4 young (4096K), 4 survivors (4096K)
 Metaspace       used 24149K, capacity 24743K, committed 24832K, reserved 1077248K
  class space    used 2727K, capacity 2987K, committed 3072K, reserved 1048576K
}

Deoptimization events (10 events):
Event: 0.694 Thread 0x000002277cf23000 Uncommon trap: reason=unstable_if action=reinterpret pc=0x000002270f107ab0 method=java.lang.StringLatin1.lastIndexOf([BI[BII)I @ 32 c2
Event: 0.726 Thread 0x000002277cf23000 Uncommon trap: reason=unstable_if action=reinterpret pc=0x000002270f1196f0 method=java.util.jar.JarFile.getVersionedEntry(Ljava/lang/String;Ljava/util/jar/JarEntry;)Ljava/util/jar/JarEntry; @ 7 c2
Event: 0.747 Thread 0x000002277cf23000 Uncommon trap: reason=speculate_null_assert action=make_not_entrant pc=0x000002270f136448 method=jdk.internal.loader.URLClassPath$JarLoader.getResource(Ljava/lang/String;ZLjava/util/Set;)Ljdk/internal/loader/Resource; @ 17 c2
Event: 0.825 Thread 0x000002277cf23000 Uncommon trap: reason=bimorphic_or_optimized_type_check action=maybe_recompile pc=0x000002270f10b78c method=java.util.HashMap.putVal(ILjava/lang/Object;Ljava/lang/Object;ZZ)Ljava/lang/Object; @ 203 c2
Event: 0.825 Thread 0x000002277cf23000 Uncommon trap: reason=bimorphic_or_optimized_type_check action=maybe_recompile pc=0x000002270f10b78c method=java.util.HashMap.putVal(ILjava/lang/Object;Ljava/lang/Object;ZZ)Ljava/lang/Object; @ 203 c2
Event: 1.059 Thread 0x000002277cf23000 Uncommon trap: reason=unstable_if action=reinterpret pc=0x000002270f131044 method=java.lang.String.replace(CC)Ljava/lang/String; @ 2 c2
Event: 1.071 Thread 0x000002272516e800 Uncommon trap: reason=bimorphic_or_optimized_type_check action=maybe_recompile pc=0x000002270f17057c method=java.util.regex.Pattern$Start.match(Ljava/util/regex/Matcher;ILjava/lang/CharSequence;)Z @ 44 c2
Event: 1.074 Thread 0x000002272516e800 Uncommon trap: reason=unstable_if action=reinterpret pc=0x000002270f147948 method=java.lang.CharacterDataLatin1.digit(II)I @ 12 c2
Event: 1.609 Thread 0x000002272516e800 Uncommon trap: reason=unstable_if action=reinterpret pc=0x000002270f1475c4 method=java.lang.CharacterDataLatin1.digit(II)I @ 12 c2
Event: 1.632 Thread 0x000002277cf23000 Uncommon trap: reason=unstable_if action=reinterpret pc=0x000002270f129910 method=jdk.internal.org.objectweb.asm.Type.getArgumentsAndReturnSizes(Ljava/lang/String;)I @ 41 c2

Classes redefined (0 events):
No events

Internal exceptions (10 events):
Event: 1.028 Thread 0x000002277cf23000 Exception <a 'java/lang/NoSuchMethodError'{0x00000007128e1330}: java.lang.invoke.DirectMethodHandle$Holder.invokeVirtual(Ljava/lang/Object;Ljava/lang/Object;Ljava/lang/Object;)Ljava/lang/Object;> (0x00000007128e1330) thrown at [./open/src/hotspot/share/in
Event: 1.073 Thread 0x0000022725173000 Exception <a 'java/lang/NoSuchMethodError'{0x000000071241bc58}: java.lang.invoke.DirectMethodHandle$Holder.invokeStatic(Ljava/lang/Object;J)V> (0x000000071241bc58) thrown at [./open/src/hotspot/share/interpreter/linkResolver.cpp, line 772]
Event: 1.074 Thread 0x0000022725173000 Exception <a 'java/lang/NoSuchMethodError'{0x0000000712420a88}: java.lang.invoke.DirectMethodHandle$Holder.invokeStatic(Ljava/lang/Object;J)Ljava/lang/Object;> (0x0000000712420a88) thrown at [./open/src/hotspot/share/interpreter/linkResolver.cpp, line 772
Event: 1.074 Thread 0x0000022725173000 Exception <a 'java/lang/NoSuchMethodError'{0x0000000712423cc8}: java.lang.invoke.DirectMethodHandle$Holder.invokeSpecial(Ljava/lang/Object;Ljava/lang/Object;J)Ljava/lang/Object;> (0x0000000712423cc8) thrown at [./open/src/hotspot/share/interpreter/linkRes
Event: 1.075 Thread 0x0000022725173000 Exception <a 'java/lang/NoSuchMethodError'{0x000000071242e638}: java.lang.invoke.DirectMethodHandle$Holder.invokeStaticInit(Ljava/lang/Object;Ljava/lang/Object;JLjava/lang/Object;)Ljava/lang/Object;> (0x000000071242e638) thrown at [./open/src/hotspot/shar
Event: 1.076 Thread 0x0000022725173000 Exception <a 'java/lang/NoSuchMethodError'{0x00000007124373e8}: java.lang.invoke.Invokers$Holder.linkToTargetMethod(Ljava/lang/Object;JLjava/lang/Object;)Ljava/lang/Object;> (0x00000007124373e8) thrown at [./open/src/hotspot/share/interpreter/linkResolver
Event: 1.583 Thread 0x000002272516e800 Exception <a 'java/net/SocketTimeoutException'{0x000000071249b5b0}: connect timed out> (0x000000071249b5b0) thrown at [./open/src/hotspot/share/prims/jni.cpp, line 632]
Event: 1.632 Thread 0x000002277cf23000 Exception <a 'java/lang/NoSuchMethodError'{0x0000000712361f10}: java.lang.invoke.DirectMethodHandle$Holder.invokeVirtual(Ljava/lang/Object;Ljava/lang/Object;)D> (0x0000000712361f10) thrown at [./open/src/hotspot/share/interpreter/linkResolver.cpp, line 77
Event: 1.632 Thread 0x000002277cf23000 Exception <a 'java/lang/NoSuchMethodError'{0x0000000712367f70}: java.lang.invoke.DirectMethodHandle$Holder.invokeVirtual(Ljava/lang/Object;Ljava/lang/Object;)F> (0x0000000712367f70) thrown at [./open/src/hotspot/share/interpreter/linkResolver.cpp, line 77
Event: 1.633 Thread 0x000002277cf23000 Exception <a 'java/lang/NoSuchMethodError'{0x00000007123706b0}: java.lang.invoke.DirectMethodHandle$Holder.invokeVirtual(Ljava/lang/Object;Ljava/lang/Object;)J> (0x00000007123706b0) thrown at [./open/src/hotspot/share/interpreter/linkResolver.cpp, line 77

Events (10 events):
Event: 1.632 Thread 0x000002277cf23000 DEOPT UNPACKING pc=0x00000227075f83af sp=0x0000007a7f2fbd60 mode 2
Event: 1.633 loading class org/openqa/selenium/json/StringCoercer
Event: 1.633 loading class org/openqa/selenium/json/StringCoercer done
Event: 1.634 loading class org/openqa/selenium/json/EnumCoercer
Event: 1.634 loading class org/openqa/selenium/json/EnumCoercer done
Event: 1.634 loading class org/openqa/selenium/json/UriCoercer
Event: 1.634 loading class org/openqa/selenium/json/UriCoercer done
Event: 1.635 loading class org/openqa/selenium/json/UrlCoercer
Event: 1.635 loading class org/openqa/selenium/json/UrlCoercer done
Event: 1.635 Executing VM operation: CollectForMetadataAllocation


Dynamic libraries:
0x00007ff6d7f10000 - 0x00007ff6d7f1f000 	C:\Program Files\Java\jdk-11.0.15\bin\javaw.exe
0x00007ffa0a610000 - 0x00007ffa0a805000 	C:\Windows\SYSTEM32\ntdll.dll
0x00007ffa09ca0000 - 0x00007ffa09d5d000 	C:\Windows\System32\KERNEL32.DLL
0x00007ffa07fb0000 - 0x00007ffa0827d000 	C:\Windows\System32\KERNELBASE.dll
0x00007ffa07d20000 - 0x00007ffa07e20000 	C:\Windows\System32\ucrtbase.dll
0x00007ff9f71d0000 - 0x00007ff9f71e5000 	C:\Program Files\Java\jdk-11.0.15\bin\VCRUNTIME140.dll
0x00007ff9f71f0000 - 0x00007ff9f7208000 	C:\Program Files\Java\jdk-11.0.15\bin\jli.dll
0x00007ffa09fb0000 - 0x00007ffa0a05e000 	C:\Windows\System32\ADVAPI32.dll
0x00007ffa08660000 - 0x00007ffa086fe000 	C:\Windows\System32\msvcrt.dll
0x00007ffa08e30000 - 0x00007ffa08ecc000 	C:\Windows\System32\sechost.dll
0x00007ffa08ed0000 - 0x00007ffa08ff5000 	C:\Windows\System32\RPCRT4.dll
0x00007ffa092d0000 - 0x00007ffa09470000 	C:\Windows\System32\USER32.dll
0x00007ffa07f30000 - 0x00007ffa07f52000 	C:\Windows\System32\win32u.dll
0x00007ffa09e20000 - 0x00007ffa09e4a000 	C:\Windows\System32\GDI32.dll
0x00007ff9f27a0000 - 0x00007ff9f2a3a000 	C:\Windows\WinSxS\amd64_microsoft.windows.common-controls_6595b64144ccf1df_6.0.19041.1110_none_60b5254171f9507e\COMCTL32.dll
0x00007ffa08330000 - 0x00007ffa0843b000 	C:\Windows\System32\gdi32full.dll
0x00007ffa07e20000 - 0x00007ffa07ebd000 	C:\Windows\System32\msvcp_win.dll
0x00007ffa01ff0000 - 0x00007ffa01ffa000 	C:\Windows\SYSTEM32\VERSION.dll
0x00007ffa09210000 - 0x00007ffa09240000 	C:\Windows\System32\IMM32.DLL
0x00007ff9f2430000 - 0x00007ff9f24cb000 	C:\Program Files\Java\jdk-11.0.15\bin\msvcp140.dll
0x00007ff9e2900000 - 0x00007ff9e3416000 	C:\Program Files\Java\jdk-11.0.15\bin\server\jvm.dll
0x00007ffa0a5c0000 - 0x00007ffa0a5c8000 	C:\Windows\System32\PSAPI.DLL
0x00007ff9f59b0000 - 0x00007ff9f59b9000 	C:\Windows\SYSTEM32\WSOCK32.dll
0x00007ffa09f40000 - 0x00007ffa09fab000 	C:\Windows\System32\WS2_32.dll
0x00007ff9f8e10000 - 0x00007ff9f8e37000 	C:\Windows\SYSTEM32\WINMM.dll
0x00007ffa065b0000 - 0x00007ffa065c2000 	C:\Windows\SYSTEM32\kernel.appcore.dll
0x00007ffa00720000 - 0x00007ffa00730000 	C:\Program Files\Java\jdk-11.0.15\bin\verify.dll
0x00007ffa059d0000 - 0x00007ffa05bb4000 	C:\Windows\SYSTEM32\DBGHELP.DLL
0x00007ff9fff10000 - 0x00007ff9fff3c000 	C:\Windows\SYSTEM32\dbgcore.DLL
0x00007ffa08440000 - 0x00007ffa084c2000 	C:\Windows\System32\bcryptPrimitives.dll
0x00007ff9f7160000 - 0x00007ff9f7188000 	C:\Program Files\Java\jdk-11.0.15\bin\java.dll
0x00007ff9f9dd0000 - 0x00007ff9f9dda000 	C:\Program Files\Java\jdk-11.0.15\bin\jimage.dll
0x00007ff9f63a0000 - 0x00007ff9f63b6000 	C:\Program Files\Java\jdk-11.0.15\bin\zip.dll
0x00007ffa09550000 - 0x00007ffa09c94000 	C:\Windows\System32\SHELL32.dll
0x00007ffa05e00000 - 0x00007ffa06594000 	C:\Windows\SYSTEM32\windows.storage.dll
0x00007ffa0a0c0000 - 0x00007ffa0a414000 	C:\Windows\System32\combase.dll
0x00007ffa07710000 - 0x00007ffa0773c000 	C:\Windows\SYSTEM32\Wldp.dll
0x00007ffa08d80000 - 0x00007ffa08e2d000 	C:\Windows\System32\SHCORE.dll
0x00007ffa09240000 - 0x00007ffa09295000 	C:\Windows\System32\shlwapi.dll
0x00007ffa07c60000 - 0x00007ffa07c7f000 	C:\Windows\SYSTEM32\profapi.dll
0x00007ff9f6380000 - 0x00007ff9f6399000 	C:\Program Files\Java\jdk-11.0.15\bin\net.dll
0x00007ffa02770000 - 0x00007ffa0287a000 	C:\Windows\SYSTEM32\WINHTTP.dll
0x00007ffa07470000 - 0x00007ffa074da000 	C:\Windows\system32\mswsock.dll
0x00007ff9f6340000 - 0x00007ff9f6352000 	C:\Program Files\Java\jdk-11.0.15\bin\nio.dll
0x00007ffa071f0000 - 0x00007ffa072bb000 	C:\Windows\SYSTEM32\DNSAPI.dll
0x00007ffa07160000 - 0x00007ffa0719b000 	C:\Windows\SYSTEM32\IPHLPAPI.DLL
0x00007ffa09e10000 - 0x00007ffa09e18000 	C:\Windows\System32\NSI.dll
0x00007ff9fbf90000 - 0x00007ff9fbf9a000 	C:\Windows\System32\rasadhlp.dll
0x00007ff9faf60000 - 0x00007ff9fafe0000 	C:\Windows\System32\fwpuclnt.dll
0x00007ffa084d0000 - 0x00007ffa084f7000 	C:\Windows\System32\bcrypt.dll
0x00007ffa07660000 - 0x00007ffa07678000 	C:\Windows\SYSTEM32\CRYPTSP.dll
0x00007ffa06d90000 - 0x00007ffa06dc4000 	C:\Windows\system32\rsaenh.dll
0x00007ffa07be0000 - 0x00007ffa07c0e000 	C:\Windows\SYSTEM32\USERENV.dll
0x00007ffa07680000 - 0x00007ffa0768c000 	C:\Windows\SYSTEM32\CRYPTBASE.dll
0x00007ff9ffe20000 - 0x00007ff9ffe37000 	C:\Windows\SYSTEM32\dhcpcsvc6.DLL
0x00007ffa00b90000 - 0x00007ffa00bad000 	C:\Windows\SYSTEM32\dhcpcsvc.DLL
0x00007ff9fbd50000 - 0x00007ff9fbd59000 	C:\Program Files\Java\jdk-11.0.15\bin\management.dll
0x00007ff9f8e00000 - 0x00007ff9f8e0b000 	C:\Program Files\Java\jdk-11.0.15\bin\management_ext.dll
0x00007ff9f6310000 - 0x00007ff9f6335000 	C:\Program Files\Java\jdk-11.0.15\bin\sunec.dll

dbghelp: loaded successfully - version: 4.0.5 - missing functions: none
symbol engine: initialized successfully - sym options: 0x614 - pdb path: .;C:\Program Files\Java\jdk-11.0.15\bin;C:\Windows\SYSTEM32;C:\Windows\WinSxS\amd64_microsoft.windows.common-controls_6595b64144ccf1df_6.0.19041.1110_none_60b5254171f9507e;C:\Program Files\Java\jdk-11.0.15\bin\server

VM Arguments:
jvm_args: -ea -Dfile.encoding=Cp1252 
java_command: org.testng.remote.RemoteTestNG -serport 61700 -protocol json -d C:\Users\rahul\Desktop\SeleniumAlvinSir\Factweaver\test-output C:\Users\rahul\Desktop\SeleniumAlvinSir\Factweaver\test.xml
java_class_path (initial): C:\Users\rahul\eclipse\java-2021-12\eclipse\configuration\org.eclipse.osgi\430\0\.cp\lib\testng-remote.jar;C:\Users\rahul\Desktop\SeleniumAlvinSir\Factweaver\target\test-classes;C:\Users\rahul\Desktop\SeleniumAlvinSir\Factweaver\target\classes;C:\Users\rahul\.m2\repository\org\seleniumhq\selenium\selenium-java\4.1.3\selenium-java-4.1.3.jar;C:\Users\rahul\.m2\repository\org\seleniumhq\selenium\selenium-api\4.1.3\selenium-api-4.1.3.jar;C:\Users\rahul\.m2\repository\org\seleniumhq\selenium\selenium-chrome-driver\4.1.3\selenium-chrome-driver-4.1.3.jar;C:\Users\rahul\.m2\repository\com\google\auto\service\auto-service-annotations\1.0.1\auto-service-annotations-1.0.1.jar;C:\Users\rahul\.m2\repository\com\google\auto\service\auto-service\1.0.1\auto-service-1.0.1.jar;C:\Users\rahul\.m2\repository\com\google\auto\auto-common\1.2\auto-common-1.2.jar;C:\Users\rahul\.m2\repository\com\google\guava\guava\31.1-jre\guava-31.1-jre.jar;C:\Users\rahul\.m2\repository\com\google\guava\failureaccess\1.0.1\failureaccess-1.0.1.jar;C:\Users\rahul\.m2\repository\com\google\guava\listenablefuture\9999.0-empty-to-avoid-conflict-with-guava\listenablefuture-9999.0-empty-to-avoid-conflict-with-guava.jar;C:\Users\rahul\.m2\repository\org\checkerframework\checker-qual\3.12.0\checker-qual-3.12.0.jar;C:\Users\rahul\.m2\repository\com\google\errorprone\error_prone_annotations\2.11.0\error_prone_annotations-2.11.0.jar;C:\Users\rahul\.m2\repository\com\google\j2objc\j2objc-annotations\1.3\j2objc-annotations-1.3.jar;C:\Users\rahul\.m2\repository\org\seleniumhq\selenium\selenium-chromium-driver\4.1.3\selenium-chromium-driver-4.1.3.jar;C:\Users\rahul\.m2\repository\org\seleniumhq\selenium\selenium-json\4.1.3\selenium-json-4.1.3.jar;C:\Users\rahul\.m2\repository\org\seleniumhq\selenium\selenium-devtools-v85\4.1.3\selenium-devtools-v85-4.1.3.jar;C:\Users\rahul\.m2\repository\org\seleniumhq\selenium\selenium-devtools-v97\4.1.3\selenium-devtools-v97-4.1.3.jar;C:\Users\rahul\.m2\re
Launcher Type: SUN_STANDARD

[Global flags]
     intx CICompilerCount                          = 4                                         {product} {ergonomic}
     uint ConcGCThreads                            = 2                                         {product} {ergonomic}
     uint G1ConcRefinementThreads                  = 8                                         {product} {ergonomic}
   size_t G1HeapRegionSize                         = 1048576                                   {product} {ergonomic}
    uintx GCDrainStackTargetSize                   = 64                                        {product} {ergonomic}
   size_t InitialHeapSize                          = 266338304                                 {product} {ergonomic}
   size_t MarkStackSize                            = 4194304                                   {product} {ergonomic}
   size_t MaxHeapSize                              = 4238344192                                {product} {ergonomic}
   size_t MaxNewSize                               = 2542796800                                {product} {ergonomic}
   size_t MinHeapDeltaBytes                        = 1048576                                   {product} {ergonomic}
    uintx NonNMethodCodeHeapSize                   = 5836300                                {pd product} {ergonomic}
    uintx NonProfiledCodeHeapSize                  = 122910970                              {pd product} {ergonomic}
    uintx ProfiledCodeHeapSize                     = 122910970                              {pd product} {ergonomic}
    uintx ReservedCodeCacheSize                    = 251658240                              {pd product} {ergonomic}
     bool SegmentedCodeCache                       = true                                      {product} {ergonomic}
     bool UseCompressedClassPointers               = true                                 {lp64_product} {ergonomic}
     bool UseCompressedOops                        = true                                 {lp64_product} {ergonomic}
     bool UseG1GC                                  = true                                      {product} {ergonomic}
     bool UseLargePagesIndividualAllocation        = false                                  {pd product} {ergonomic}

Logging:
Log output configuration:
 #0: stdout all=warning uptime,level,tags
 #1: stderr all=off uptime,level,tags

Environment Variables:
PATH=C:\Program Files\Common Files\Oracle\Java\javapath;C:\Windows\system32;C:\Windows;C:\Windows\System32\Wbem;C:\Windows\System32\WindowsPowerShell\v1.0\;C:\Windows\System32\OpenSSH\;C:\Program Files\Git\cmd;C:\Users\rahul\Desktop\SeleniumAlvinSir\Appachae\apache-maven-3.8.5\bin;C:\Program Files\Java\jdk1.8.0_333\bin;C:\Program Files\Java\jdk-11.0.15\bin;C:\Program Files\Java\jdk-17.0.2\bin
USERNAME=Rakhi
OS=Windows_NT
PROCESSOR_IDENTIFIER=Intel64 Family 6 Model 140 Stepping 1, GenuineIntel



---------------  S Y S T E M  ---------------

OS: Windows 10 , 64 bit Build 19041 (10.0.19041.1706)

CPU:total 8 (initial active 8) (4 cores per cpu, 2 threads per core) family 6 model 140 stepping 1 microcode 0x9a, cmov, cx8, fxsr, mmx, sse, sse2, sse3, ssse3, sse4.1, sse4.2, popcnt, avx, avx2, aes, clmul, erms, 3dnowpref, lzcnt, ht, tsc, tscinvbit, bmi1, bmi2, adx, evex, sha, fma

Memory: 4k page, system-wide physical 16167M (3434M free)
TotalPageFile size 46532M (AvailPageFile size 2M)
current process WorkingSet (physical memory assigned to process): 132M, peak: 132M
current process commit charge ("private bytes"): 379M, peak: 380M

vm_info: Java HotSpot(TM) 64-Bit Server VM (11.0.15+8-LTS-149) for windows-amd64 JRE (11.0.15+8-LTS-149), built on Mar  9 2022 22:42:32 by "mach5one" with MS VC++ 15.9 (VS2017)

END.
